
AppPath: /opt/homebrew-cask/Caskroom/phpstorm/10.0.1/PhpStorm.app
Config Path: /Users/bchatard/Library/Preferences/WebIde100
Work with: /Users/bchatard/Library/Preferences/WebIde100/options/recentProjectDirectories.xml
Raw Projects Path:
 value="$USER_HOME$/Projects/brice/jetbrains-alfred-workflow" value="$USER_HOME$/Projects/Monosem/Dev/magento" value="$USER_HOME$/Projects/Sabre/Dev/magento" value="$USER_HOME$/Projects/brice/magento2/sandbox" value="$USER_HOME$/Projects/Denis-Materiaux/Dev/magento" value="$USER_HOME$/Projects/GSA/Dev/magento" value="$USER_HOME$/Projects/Conectic-Plus/Dev/magento" value="$USER_HOME$/Projects/Palais-des-Thes/Dev/magento" value="$USER_HOME$/Projects/aYaline/Dev/Modules/dataflow-manager" value="$USER_HOME$/Projects/Allbrary/Dev/magento" value="$USER_HOME$/Projects/Diverti/Dev/magento" value="$USER_HOME$/Projects/GPDIS/Dev/magento" value="$USER_HOME$/Projects/Allbrary/Dev/magento_merge" value="$USER_HOME$/Projects/aYaline/Dev/shop.ayaline.com" value="$USER_HOME$/Projects/Matexa/Dev/hotellerie" value="$USER_HOME$/Projects/brice/magento2/poc_2.0.0" value="$USER_HOME$/Projects/Matexa/Dev/sportifrance" value="$USER_HOME$/Projects/brice/phpstorm-alfred-workflow" value="$USER_HOME$/Projects/aYaline/Dev/Modules/core" value="$USER_HOME$/Projects/brice/fork/homebrew" value="$USER_HOME$/Projects/brice/oh-my-zsh-plugins" value="$USER_HOME$/Projects/JVNC/Dev/magento" value="$USER_HOME$/Projects/GPDIS/Dev/magento_merge" value="$USER_HOME$/Projects/brice/test/angular2" value="$USER_HOME$/Projects/aYaline/Dev/Modules/enhanced-admin" value="$USER_HOME$/Projects/aYaline/Dev/Modules/affiliate-conversion-tracking" value="$USER_HOME$/Projects/aYaline/Dev/Modules/shop" value="$USER_HOME$/Projects/Sabre/Dev/magento_merge" value="$USER_HOME$/Projects/CUC-Abix/Dev/magento" value="$USER_HOME$/Projects/aYaline/Dev/gitlab-mantis" value="$USER_HOME$/Projects/aYaline/Dev/cnil" value="$USER_HOME$/Downloads/aYaline/gomage_advanced_navigation_v.4.8" value="$USER_HOME$/Projects/Pieces2Mobile/Dev/magento" value="$USER_HOME$/Projects/aYaline/Dev/Modules/voucher" value="$USER_HOME$/Projects/aYaline/Dev/Sources/n98-magerun" value="$USER_HOME$/Projects/Allbrary/Dev/imageresizer" value="$USER_HOME$/Projects/Allbrary/Dev/magento_v1"
Projects Path:
/Users/bchatard/Projects/brice/jetbrains-alfred-workflow
/Users/bchatard/Projects/Monosem/Dev/magento
/Users/bchatard/Projects/Sabre/Dev/magento
/Users/bchatard/Projects/brice/magento2/sandbox
/Users/bchatard/Projects/Denis-Materiaux/Dev/magento
/Users/bchatard/Projects/GSA/Dev/magento
/Users/bchatard/Projects/Conectic-Plus/Dev/magento
/Users/bchatard/Projects/Palais-des-Thes/Dev/magento
/Users/bchatard/Projects/aYaline/Dev/Modules/dataflow-manager
/Users/bchatard/Projects/Allbrary/Dev/magento
/Users/bchatard/Projects/Diverti/Dev/magento
/Users/bchatard/Projects/GPDIS/Dev/magento
/Users/bchatard/Projects/Allbrary/Dev/magento_merge
/Users/bchatard/Projects/aYaline/Dev/shop.ayaline.com
/Users/bchatard/Projects/Matexa/Dev/hotellerie
/Users/bchatard/Projects/brice/magento2/poc_2.0.0
/Users/bchatard/Projects/Matexa/Dev/sportifrance
/Users/bchatard/Projects/brice/phpstorm-alfred-workflow
/Users/bchatard/Projects/aYaline/Dev/Modules/core
/Users/bchatard/Projects/brice/fork/homebrew
/Users/bchatard/Projects/brice/oh-my-zsh-plugins
/Users/bchatard/Projects/JVNC/Dev/magento
/Users/bchatard/Projects/GPDIS/Dev/magento_merge
/Users/bchatard/Projects/brice/test/angular2
/Users/bchatard/Projects/aYaline/Dev/Modules/enhanced-admin
/Users/bchatard/Projects/aYaline/Dev/Modules/affiliate-conversion-tracking
/Users/bchatard/Projects/aYaline/Dev/Modules/shop
/Users/bchatard/Projects/Sabre/Dev/magento_merge
/Users/bchatard/Projects/CUC-Abix/Dev/magento
/Users/bchatard/Projects/aYaline/Dev/gitlab-mantis
/Users/bchatard/Projects/aYaline/Dev/cnil
/Users/bchatard/Downloads/aYaline/gomage_advanced_navigation_v.4.8
/Users/bchatard/Projects/Pieces2Mobile/Dev/magento
/Users/bchatard/Projects/aYaline/Dev/Modules/voucher
/Users/bchatard/Projects/aYaline/Dev/Sources/n98-magerun
/Users/bchatard/Projects/Allbrary/Dev/imageresizer
/Users/bchatard/Projects/Allbrary/Dev/magento_v1
	Process /Users/bchatard/Projects/brice/jetbrains-alfred-workflow
	 Project Name jetbrains-alfred-workflow

	Process /Users/bchatard/Projects/Monosem/Dev/magento
	 Project Name Monosem - Magento

	Process /Users/bchatard/Projects/Sabre/Dev/magento
	 Project Name Sabre - Magento

	Process /Users/bchatard/Projects/brice/magento2/sandbox
	 Project Name Magento 2 - Sandbox

	Process /Users/bchatard/Projects/Denis-Materiaux/Dev/magento
	 Project Name Denis Matériaux - Magento

	Process /Users/bchatard/Projects/GSA/Dev/magento
	 Project Name GSA - Magento

	Process /Users/bchatard/Projects/Conectic-Plus/Dev/magento
	 Project Name Conectic-Plus - Magento

	Process /Users/bchatard/Projects/Palais-des-Thes/Dev/magento
	 Project Name Palais des Thés - Magento

	Process /Users/bchatard/Projects/aYaline/Dev/Modules/dataflow-manager
	 Project Name aYaline - Capi - DataflowManager

	Process /Users/bchatard/Projects/Allbrary/Dev/magento
	 Project Name Allbrary - Magento

	Process /Users/bchatard/Projects/Diverti/Dev/magento
	 Project Name Diverti - Magento

	Process /Users/bchatard/Projects/GPDIS/Dev/magento
	 Project Name GPDIS - Magento

	Process /Users/bchatard/Projects/Allbrary/Dev/magento_merge
	 Project Name Allbrary - Magento Merge

	Process /Users/bchatard/Projects/aYaline/Dev/shop.ayaline.com
	 Project Name shop.ayaline.com

	Process /Users/bchatard/Projects/Matexa/Dev/hotellerie
	 Project Name Matexa Hotellerie - Magento

	Process /Users/bchatard/Projects/brice/magento2/poc_2.0.0
	 Project Name 

	Process /Users/bchatard/Projects/Matexa/Dev/sportifrance
	 Project Name Matexa SportiFrance - Magento

	Process /Users/bchatard/Projects/brice/phpstorm-alfred-workflow
	 Project Name phpstorm-alfred-workflow

	Process /Users/bchatard/Projects/aYaline/Dev/Modules/core
	 Project Name aYaline - Capi - Core

	Process /Users/bchatard/Projects/brice/fork/homebrew
	 Project Name homebrew

	Process /Users/bchatard/Projects/brice/oh-my-zsh-plugins
	 Project Name oh-my-zsh-plugins

	Process /Users/bchatard/Projects/JVNC/Dev/magento
	 Project Name JVNC - Magento

	Process /Users/bchatard/Projects/GPDIS/Dev/magento_merge
	 Project Name GPDIS - Magento Merge

	Process /Users/bchatard/Projects/brice/test/angular2
	 Project Name angular2

	Process /Users/bchatard/Projects/aYaline/Dev/Modules/enhanced-admin
	 Project Name aYaline - Capi - Enhanced Admin

	Process /Users/bchatard/Projects/aYaline/Dev/Modules/affiliate-conversion-tracking
	 Project Name aYaline - Capi - Affiliate Conversion Tracking

	Process /Users/bchatard/Projects/aYaline/Dev/Modules/shop
	 Project Name aYaline - Capi - Shop

	Process /Users/bchatard/Projects/Sabre/Dev/magento_merge
	 Project Name Sabre - Magento Merge

	Process /Users/bchatard/Projects/CUC-Abix/Dev/magento
	 Project Name CUC-Abix - Magento

	Process /Users/bchatard/Projects/aYaline/Dev/gitlab-mantis
	 Project Name Gitlab / Mantis Connector

	Process /Users/bchatard/Projects/aYaline/Dev/cnil
	 Project Name cnil

	Process /Users/bchatard/Downloads/aYaline/gomage_advanced_navigation_v.4.8
	 Project Name 

	Process /Users/bchatard/Projects/Pieces2Mobile/Dev/magento
	 Project Name Pieces 2 Mobile - Magento

	Process /Users/bchatard/Projects/aYaline/Dev/Modules/voucher
	 Project Name aYaline - Capi - Voucher

	Process /Users/bchatard/Projects/aYaline/Dev/Sources/n98-magerun
	 Project Name n98-magerun

	Process /Users/bchatard/Projects/Allbrary/Dev/imageresizer
	 Project Name Allbrary - Image Resizer

	Process /Users/bchatard/Projects/Allbrary/Dev/magento_v1
	 Project Name Allbrary - Magento v1

AppPath: /opt/homebrew-cask/Caskroom/phpstorm/10.0.1/PhpStorm.app
Config Path: /Users/bchatard/Library/Preferences/WebIde100
Work with: /Users/bchatard/Library/Preferences/WebIde100/options/recentProjectDirectories.xml
Raw Projects Path:
 value="$USER_HOME$/Projects/brice/jetbrains-alfred-workflow" value="$USER_HOME$/Projects/Monosem/Dev/magento" value="$USER_HOME$/Projects/Sabre/Dev/magento" value="$USER_HOME$/Projects/brice/magento2/sandbox" value="$USER_HOME$/Projects/Denis-Materiaux/Dev/magento" value="$USER_HOME$/Projects/GSA/Dev/magento" value="$USER_HOME$/Projects/Conectic-Plus/Dev/magento" value="$USER_HOME$/Projects/Palais-des-Thes/Dev/magento" value="$USER_HOME$/Projects/aYaline/Dev/Modules/dataflow-manager" value="$USER_HOME$/Projects/Allbrary/Dev/magento" value="$USER_HOME$/Projects/Diverti/Dev/magento" value="$USER_HOME$/Projects/GPDIS/Dev/magento" value="$USER_HOME$/Projects/Allbrary/Dev/magento_merge" value="$USER_HOME$/Projects/aYaline/Dev/shop.ayaline.com" value="$USER_HOME$/Projects/Matexa/Dev/hotellerie" value="$USER_HOME$/Projects/brice/magento2/poc_2.0.0" value="$USER_HOME$/Projects/Matexa/Dev/sportifrance" value="$USER_HOME$/Projects/brice/phpstorm-alfred-workflow" value="$USER_HOME$/Projects/aYaline/Dev/Modules/core" value="$USER_HOME$/Projects/brice/fork/homebrew" value="$USER_HOME$/Projects/brice/oh-my-zsh-plugins" value="$USER_HOME$/Projects/JVNC/Dev/magento" value="$USER_HOME$/Projects/GPDIS/Dev/magento_merge" value="$USER_HOME$/Projects/brice/test/angular2" value="$USER_HOME$/Projects/aYaline/Dev/Modules/enhanced-admin" value="$USER_HOME$/Projects/aYaline/Dev/Modules/affiliate-conversion-tracking" value="$USER_HOME$/Projects/aYaline/Dev/Modules/shop" value="$USER_HOME$/Projects/Sabre/Dev/magento_merge" value="$USER_HOME$/Projects/CUC-Abix/Dev/magento" value="$USER_HOME$/Projects/aYaline/Dev/gitlab-mantis" value="$USER_HOME$/Projects/aYaline/Dev/cnil" value="$USER_HOME$/Downloads/aYaline/gomage_advanced_navigation_v.4.8" value="$USER_HOME$/Projects/Pieces2Mobile/Dev/magento" value="$USER_HOME$/Projects/aYaline/Dev/Modules/voucher" value="$USER_HOME$/Projects/aYaline/Dev/Sources/n98-magerun" value="$USER_HOME$/Projects/Allbrary/Dev/imageresizer" value="$USER_HOME$/Projects/Allbrary/Dev/magento_v1"
Projects Path:
/Users/bchatard/Projects/brice/jetbrains-alfred-workflow
/Users/bchatard/Projects/Monosem/Dev/magento
/Users/bchatard/Projects/Sabre/Dev/magento
/Users/bchatard/Projects/brice/magento2/sandbox
/Users/bchatard/Projects/Denis-Materiaux/Dev/magento
/Users/bchatard/Projects/GSA/Dev/magento
/Users/bchatard/Projects/Conectic-Plus/Dev/magento
/Users/bchatard/Projects/Palais-des-Thes/Dev/magento
/Users/bchatard/Projects/aYaline/Dev/Modules/dataflow-manager
/Users/bchatard/Projects/Allbrary/Dev/magento
/Users/bchatard/Projects/Diverti/Dev/magento
/Users/bchatard/Projects/GPDIS/Dev/magento
/Users/bchatard/Projects/Allbrary/Dev/magento_merge
/Users/bchatard/Projects/aYaline/Dev/shop.ayaline.com
/Users/bchatard/Projects/Matexa/Dev/hotellerie
/Users/bchatard/Projects/brice/magento2/poc_2.0.0
/Users/bchatard/Projects/Matexa/Dev/sportifrance
/Users/bchatard/Projects/brice/phpstorm-alfred-workflow
/Users/bchatard/Projects/aYaline/Dev/Modules/core
/Users/bchatard/Projects/brice/fork/homebrew
/Users/bchatard/Projects/brice/oh-my-zsh-plugins
/Users/bchatard/Projects/JVNC/Dev/magento
/Users/bchatard/Projects/GPDIS/Dev/magento_merge
/Users/bchatard/Projects/brice/test/angular2
/Users/bchatard/Projects/aYaline/Dev/Modules/enhanced-admin
/Users/bchatard/Projects/aYaline/Dev/Modules/affiliate-conversion-tracking
/Users/bchatard/Projects/aYaline/Dev/Modules/shop
/Users/bchatard/Projects/Sabre/Dev/magento_merge
/Users/bchatard/Projects/CUC-Abix/Dev/magento
/Users/bchatard/Projects/aYaline/Dev/gitlab-mantis
/Users/bchatard/Projects/aYaline/Dev/cnil
/Users/bchatard/Downloads/aYaline/gomage_advanced_navigation_v.4.8
/Users/bchatard/Projects/Pieces2Mobile/Dev/magento
/Users/bchatard/Projects/aYaline/Dev/Modules/voucher
/Users/bchatard/Projects/aYaline/Dev/Sources/n98-magerun
/Users/bchatard/Projects/Allbrary/Dev/imageresizer
/Users/bchatard/Projects/Allbrary/Dev/magento_v1
	Process /Users/bchatard/Projects/brice/jetbrains-alfred-workflow
	 Project Name jetbrains-alfred-workflow
	  Search 't' in 'jetbrains-alfred-workflow' OR 'jetbrains-alfred-workflow'

	Process /Users/bchatard/Projects/Monosem/Dev/magento
	 Project Name Monosem - Magento
	  Search 't' in 'monosem - magento' OR 'magento'

	Process /Users/bchatard/Projects/Sabre/Dev/magento
	 Project Name Sabre - Magento
	  Search 't' in 'sabre - magento' OR 'magento'

	Process /Users/bchatard/Projects/brice/magento2/sandbox
	 Project Name Magento 2 - Sandbox
	  Search 't' in 'magento 2 - sandbox' OR 'sandbox'

	Process /Users/bchatard/Projects/Denis-Materiaux/Dev/magento
	 Project Name Denis Matériaux - Magento
	  Search 't' in 'denis matériaux - magento' OR 'magento'

	Process /Users/bchatard/Projects/GSA/Dev/magento
	 Project Name GSA - Magento
	  Search 't' in 'gsa - magento' OR 'magento'

	Process /Users/bchatard/Projects/Conectic-Plus/Dev/magento
	 Project Name Conectic-Plus - Magento
	  Search 't' in 'conectic-plus - magento' OR 'magento'

	Process /Users/bchatard/Projects/Palais-des-Thes/Dev/magento
	 Project Name Palais des Thés - Magento
	  Search 't' in 'palais des thés - magento' OR 'magento'

	Process /Users/bchatard/Projects/aYaline/Dev/Modules/dataflow-manager
	 Project Name aYaline - Capi - DataflowManager
	  Search 't' in 'ayaline - capi - dataflowmanager' OR 'dataflow-manager'

	Process /Users/bchatard/Projects/Allbrary/Dev/magento
	 Project Name Allbrary - Magento
	  Search 't' in 'allbrary - magento' OR 'magento'

	Process /Users/bchatard/Projects/Diverti/Dev/magento
	 Project Name Diverti - Magento
	  Search 't' in 'diverti - magento' OR 'magento'

	Process /Users/bchatard/Projects/GPDIS/Dev/magento
	 Project Name GPDIS - Magento
	  Search 't' in 'gpdis - magento' OR 'magento'

	Process /Users/bchatard/Projects/Allbrary/Dev/magento_merge
	 Project Name Allbrary - Magento Merge
	  Search 't' in 'allbrary - magento merge' OR 'magento_merge'

	Process /Users/bchatard/Projects/aYaline/Dev/shop.ayaline.com
	 Project Name shop.ayaline.com
	  Search 't' in 'shop.ayaline.com' OR 'shop.ayaline.com'

	Process /Users/bchatard/Projects/Matexa/Dev/hotellerie
	 Project Name Matexa Hotellerie - Magento
	  Search 't' in 'matexa hotellerie - magento' OR 'hotellerie'

	Process /Users/bchatard/Projects/brice/magento2/poc_2.0.0
	 Project Name 

	Process /Users/bchatard/Projects/Matexa/Dev/sportifrance
	 Project Name Matexa SportiFrance - Magento
	  Search 't' in 'matexa sportifrance - magento' OR 'sportifrance'

	Process /Users/bchatard/Projects/brice/phpstorm-alfred-workflow
	 Project Name phpstorm-alfred-workflow
	  Search 't' in 'phpstorm-alfred-workflow' OR 'phpstorm-alfred-workflow'

	Process /Users/bchatard/Projects/aYaline/Dev/Modules/core
	 Project Name aYaline - Capi - Core
	  Search 't' in 'ayaline - capi - core' OR 'core'

	Process /Users/bchatard/Projects/brice/fork/homebrew
	 Project Name homebrew
	  Search 't' in 'homebrew' OR 'homebrew'

	Process /Users/bchatard/Projects/brice/oh-my-zsh-plugins
	 Project Name oh-my-zsh-plugins
	  Search 't' in 'oh-my-zsh-plugins' OR 'oh-my-zsh-plugins'

	Process /Users/bchatard/Projects/JVNC/Dev/magento
	 Project Name JVNC - Magento
	  Search 't' in 'jvnc - magento' OR 'magento'

	Process /Users/bchatard/Projects/GPDIS/Dev/magento_merge
	 Project Name GPDIS - Magento Merge
	  Search 't' in 'gpdis - magento merge' OR 'magento_merge'

	Process /Users/bchatard/Projects/brice/test/angular2
	 Project Name angular2
	  Search 't' in 'angular2' OR 'angular2'

	Process /Users/bchatard/Projects/aYaline/Dev/Modules/enhanced-admin
	 Project Name aYaline - Capi - Enhanced Admin
	  Search 't' in 'ayaline - capi - enhanced admin' OR 'enhanced-admin'

	Process /Users/bchatard/Projects/aYaline/Dev/Modules/affiliate-conversion-tracking
	 Project Name aYaline - Capi - Affiliate Conversion Tracking
	  Search 't' in 'ayaline - capi - affiliate conversion tracking' OR 'affiliate-conversion-tracking'

	Process /Users/bchatard/Projects/aYaline/Dev/Modules/shop
	 Project Name aYaline - Capi - Shop
	  Search 't' in 'ayaline - capi - shop' OR 'shop'

	Process /Users/bchatard/Projects/Sabre/Dev/magento_merge
	 Project Name Sabre - Magento Merge
	  Search 't' in 'sabre - magento merge' OR 'magento_merge'

	Process /Users/bchatard/Projects/CUC-Abix/Dev/magento
	 Project Name CUC-Abix - Magento
	  Search 't' in 'cuc-abix - magento' OR 'magento'

	Process /Users/bchatard/Projects/aYaline/Dev/gitlab-mantis
	 Project Name Gitlab / Mantis Connector
	  Search 't' in 'gitlab / mantis connector' OR 'gitlab-mantis'

	Process /Users/bchatard/Projects/aYaline/Dev/cnil
	 Project Name cnil
	  Search 't' in 'cnil' OR 'cnil'

	Process /Users/bchatard/Downloads/aYaline/gomage_advanced_navigation_v.4.8
	 Project Name 

	Process /Users/bchatard/Projects/Pieces2Mobile/Dev/magento
	 Project Name Pieces 2 Mobile - Magento
	  Search 't' in 'pieces 2 mobile - magento' OR 'magento'

	Process /Users/bchatard/Projects/aYaline/Dev/Modules/voucher
	 Project Name aYaline - Capi - Voucher
	  Search 't' in 'ayaline - capi - voucher' OR 'voucher'

	Process /Users/bchatard/Projects/aYaline/Dev/Sources/n98-magerun
	 Project Name n98-magerun
	  Search 't' in 'n98-magerun' OR 'n98-magerun'

	Process /Users/bchatard/Projects/Allbrary/Dev/imageresizer
	 Project Name Allbrary - Image Resizer
	  Search 't' in 'allbrary - image resizer' OR 'imageresizer'

	Process /Users/bchatard/Projects/Allbrary/Dev/magento_v1
	 Project Name Allbrary - Magento v1
	  Search 't' in 'allbrary - magento v1' OR 'magento_v1'

